This is pdfTeX, Version 3.141592653-2.6-1.40.25 (TeX Live 2023) (preloaded format=pdflatex 2023.9.8)  18 DEC 2023 23:46
entering extended mode
 restricted \write18 enabled.
 %&-line parsing enabled.
**writeup.tex
(./writeup.tex
LaTeX2e <2023-06-01> patch level 1
L3 programming layer <2023-08-29>
(/usr/local/texlive/2023/texmf-dist/tex/latex/base/article.cls
Document Class: article 2023/05/17 v1.4n Standard LaTeX document class
(/usr/local/texlive/2023/texmf-dist/tex/latex/base/size11.clo
File: size11.clo 2023/05/17 v1.4n Standard LaTeX file (size option)
)
\c@part=\count185
\c@section=\count186
\c@subsection=\count187
\c@subsubsection=\count188
\c@paragraph=\count189
\c@subparagraph=\count190
\c@figure=\count191
\c@table=\count192
\abovecaptionskip=\skip48
\belowcaptionskip=\skip49
\bibindent=\dimen140
) (/usr/local/texlive/2023/texmf-dist/tex/latex/amsmath/amsmath.sty
Package: amsmath 2023/05/13 v2.17o AMS math features
\@mathmargin=\skip50
For additional information on amsmath, use the `?' option.
(/usr/local/texlive/2023/texmf-dist/tex/latex/amsmath/amstext.sty
Package: amstext 2021/08/26 v2.01 AMS text
(/usr/local/texlive/2023/texmf-dist/tex/latex/amsmath/amsgen.sty
File: amsgen.sty 1999/11/30 v2.0 generic functions
\@emptytoks=\toks17
\ex@=\dimen141
)) (/usr/local/texlive/2023/texmf-dist/tex/latex/amsmath/amsbsy.sty
Package: amsbsy 1999/11/29 v1.2d Bold Symbols
\pmbraise@=\dimen142
) (/usr/local/texlive/2023/texmf-dist/tex/latex/amsmath/amsopn.sty
Package: amsopn 2022/04/08 v2.04 operator names
)
\inf@bad=\count193
LaTeX Info: Redefining \frac on input line 234.
\uproot@=\count194
\leftroot@=\count195
LaTeX Info: Redefining \overline on input line 399.
LaTeX Info: Redefining \colon on input line 410.
\classnum@=\count196
\DOTSCASE@=\count197
LaTeX Info: Redefining \ldots on input line 496.
LaTeX Info: Redefining \dots on input line 499.
LaTeX Info: Redefining \cdots on input line 620.
\Mathstrutbox@=\box51
\strutbox@=\box52
LaTeX Info: Redefining \big on input line 722.
LaTeX Info: Redefining \Big on input line 723.
LaTeX Info: Redefining \bigg on input line 724.
LaTeX Info: Redefining \Bigg on input line 725.
\big@size=\dimen143
LaTeX Font Info:    Redeclaring font encoding OML on input line 743.
LaTeX Font Info:    Redeclaring font encoding OMS on input line 744.
\macc@depth=\count198
LaTeX Info: Redefining \bmod on input line 905.
LaTeX Info: Redefining \pmod on input line 910.
LaTeX Info: Redefining \smash on input line 940.
LaTeX Info: Redefining \relbar on input line 970.
LaTeX Info: Redefining \Relbar on input line 971.
\c@MaxMatrixCols=\count199
\dotsspace@=\muskip16
\c@parentequation=\count266
\dspbrk@lvl=\count267
\tag@help=\toks18
\row@=\count268
\column@=\count269
\maxfields@=\count270
\andhelp@=\toks19
\eqnshift@=\dimen144
\alignsep@=\dimen145
\tagshift@=\dimen146
\tagwidth@=\dimen147
\totwidth@=\dimen148
\lineht@=\dimen149
\@envbody=\toks20
\multlinegap=\skip51
\multlinetaggap=\skip52
\mathdisplay@stack=\toks21
LaTeX Info: Redefining \[ on input line 2953.
LaTeX Info: Redefining \] on input line 2954.
) (/usr/local/texlive/2023/texmf-dist/tex/latex/amsfonts/amssymb.sty
Package: amssymb 2013/01/14 v3.01 AMS font symbols
(/usr/local/texlive/2023/texmf-dist/tex/latex/amsfonts/amsfonts.sty
Package: amsfonts 2013/01/14 v3.01 Basic AMSFonts support
\symAMSa=\mathgroup4
\symAMSb=\mathgroup5
LaTeX Font Info:    Redeclaring math symbol \hbar on input line 98.
LaTeX Font Info:    Overwriting math alphabet `\mathfrak' in version `bold'
(Font)                  U/euf/m/n --> U/euf/b/n on input line 106.
)) (/usr/local/texlive/2023/texmf-dist/tex/generic/iftex/iftex.sty
Package: iftex 2022/02/03 v1.0f TeX engine tests
) (/usr/local/texlive/2023/texmf-dist/tex/latex/base/fontenc.sty
Package: fontenc 2021/04/29 v2.0v Standard LaTeX package
) (/usr/local/texlive/2023/texmf-dist/tex/latex/base/inputenc.sty
Package: inputenc 2021/02/14 v1.3d Input encoding file
\inpenc@prehook=\toks22
\inpenc@posthook=\toks23
) (/usr/local/texlive/2023/texmf-dist/tex/latex/base/textcomp.sty
Package: textcomp 2020/02/02 v2.0n Standard LaTeX package
) (/usr/local/texlive/2023/texmf-dist/tex/latex/lm/lmodern.sty
Package: lmodern 2015/05/01 v1.6.1 Latin Modern Fonts
LaTeX Font Info:    Overwriting symbol font `operators' in version `normal'
(Font)                  OT1/cmr/m/n --> OT1/lmr/m/n on input line 22.
LaTeX Font Info:    Overwriting symbol font `letters' in version `normal'
(Font)                  OML/cmm/m/it --> OML/lmm/m/it on input line 23.
LaTeX Font Info:    Overwriting symbol font `symbols' in version `normal'
(Font)                  OMS/cmsy/m/n --> OMS/lmsy/m/n on input line 24.
LaTeX Font Info:    Overwriting symbol font `largesymbols' in version `normal'
(Font)                  OMX/cmex/m/n --> OMX/lmex/m/n on input line 25.
LaTeX Font Info:    Overwriting symbol font `operators' in version `bold'
(Font)                  OT1/cmr/bx/n --> OT1/lmr/bx/n on input line 26.
LaTeX Font Info:    Overwriting symbol font `letters' in version `bold'
(Font)                  OML/cmm/b/it --> OML/lmm/b/it on input line 27.
LaTeX Font Info:    Overwriting symbol font `symbols' in version `bold'
(Font)                  OMS/cmsy/b/n --> OMS/lmsy/b/n on input line 28.
LaTeX Font Info:    Overwriting symbol font `largesymbols' in version `bold'
(Font)                  OMX/cmex/m/n --> OMX/lmex/m/n on input line 29.
LaTeX Font Info:    Overwriting math alphabet `\mathbf' in version `normal'
(Font)                  OT1/cmr/bx/n --> OT1/lmr/bx/n on input line 31.
LaTeX Font Info:    Overwriting math alphabet `\mathsf' in version `normal'
(Font)                  OT1/cmss/m/n --> OT1/lmss/m/n on input line 32.
LaTeX Font Info:    Overwriting math alphabet `\mathit' in version `normal'
(Font)                  OT1/cmr/m/it --> OT1/lmr/m/it on input line 33.
LaTeX Font Info:    Overwriting math alphabet `\mathtt' in version `normal'
(Font)                  OT1/cmtt/m/n --> OT1/lmtt/m/n on input line 34.
LaTeX Font Info:    Overwriting math alphabet `\mathbf' in version `bold'
(Font)                  OT1/cmr/bx/n --> OT1/lmr/bx/n on input line 35.
LaTeX Font Info:    Overwriting math alphabet `\mathsf' in version `bold'
(Font)                  OT1/cmss/bx/n --> OT1/lmss/bx/n on input line 36.
LaTeX Font Info:    Overwriting math alphabet `\mathit' in version `bold'
(Font)                  OT1/cmr/bx/it --> OT1/lmr/bx/it on input line 37.
LaTeX Font Info:    Overwriting math alphabet `\mathtt' in version `bold'
(Font)                  OT1/cmtt/m/n --> OT1/lmtt/m/n on input line 38.
) (/usr/local/texlive/2023/texmf-dist/tex/latex/upquote/upquote.sty
Package: upquote 2012/04/19 v1.3 upright-quote and grave-accent glyphs in verba
tim
) (/usr/local/texlive/2023/texmf-dist/tex/latex/microtype/microtype.sty
Package: microtype 2023/03/13 v3.1a Micro-typographical refinements (RS)
(/usr/local/texlive/2023/texmf-dist/tex/latex/graphics/keyval.sty
Package: keyval 2022/05/29 v1.15 key=value parser (DPC)
\KV@toks@=\toks24
) (/usr/local/texlive/2023/texmf-dist/tex/latex/etoolbox/etoolbox.sty
Package: etoolbox 2020/10/05 v2.5k e-TeX tools for LaTeX (JAW)
\etb@tempcnta=\count271
)
\MT@toks=\toks25
\MT@tempbox=\box53
\MT@count=\count272
LaTeX Info: Redefining \noprotrusionifhmode on input line 1059.
LaTeX Info: Redefining \leftprotrusion on input line 1060.
\MT@prot@toks=\toks26
LaTeX Info: Redefining \rightprotrusion on input line 1078.
LaTeX Info: Redefining \textls on input line 1368.
\MT@outer@kern=\dimen150
LaTeX Info: Redefining \textmicrotypecontext on input line 1988.
\MT@listname@count=\count273
(/usr/local/texlive/2023/texmf-dist/tex/latex/microtype/microtype-pdftex.def
File: microtype-pdftex.def 2023/03/13 v3.1a Definitions specific to pdftex (RS)

LaTeX Info: Redefining \lsstyle on input line 902.
LaTeX Info: Redefining \lslig on input line 902.
\MT@outer@space=\skip53
)
Package microtype Info: Loading configuration file microtype.cfg.
(/usr/local/texlive/2023/texmf-dist/tex/latex/microtype/microtype.cfg
File: microtype.cfg 2023/03/13 v3.1a microtype main configuration file (RS)
)) (/usr/local/texlive/2023/texmf-dist/tex/latex/parskip/parskip.sty
Package: parskip 2021-03-14 v2.0h non-zero parskip adjustments
(/usr/local/texlive/2023/texmf-dist/tex/latex/kvoptions/kvoptions.sty
Package: kvoptions 2022-06-15 v3.15 Key value format for package options (HO)
(/usr/local/texlive/2023/texmf-dist/tex/generic/ltxcmds/ltxcmds.sty
Package: ltxcmds 2020-05-10 v1.25 LaTeX kernel commands for general use (HO)
) (/usr/local/texlive/2023/texmf-dist/tex/latex/kvsetkeys/kvsetkeys.sty
Package: kvsetkeys 2022-10-05 v1.19 Key value parser (HO)
))) (/usr/local/texlive/2023/texmf-dist/tex/latex/xcolor/xcolor.sty
Package: xcolor 2022/06/12 v2.14 LaTeX color extensions (UK)
(/usr/local/texlive/2023/texmf-dist/tex/latex/graphics-cfg/color.cfg
File: color.cfg 2016/01/02 v1.6 sample color configuration
)
Package xcolor Info: Driver file: pdftex.def on input line 227.
(/usr/local/texlive/2023/texmf-dist/tex/latex/graphics-def/pdftex.def
File: pdftex.def 2022/09/22 v1.2b Graphics/color driver for pdftex
) (/usr/local/texlive/2023/texmf-dist/tex/latex/graphics/mathcolor.ltx)
Package xcolor Info: Model `cmy' substituted by `cmy0' on input line 1353.
Package xcolor Info: Model `hsb' substituted by `rgb' on input line 1357.
Package xcolor Info: Model `RGB' extended on input line 1369.
Package xcolor Info: Model `HTML' substituted by `rgb' on input line 1371.
Package xcolor Info: Model `Hsb' substituted by `hsb' on input line 1372.
Package xcolor Info: Model `tHsb' substituted by `hsb' on input line 1373.
Package xcolor Info: Model `HSB' substituted by `hsb' on input line 1374.
Package xcolor Info: Model `Gray' substituted by `gray' on input line 1375.
Package xcolor Info: Model `wave' substituted by `hsb' on input line 1376.
) (/usr/local/texlive/2023/texmf-dist/tex/latex/geometry/geometry.sty
Package: geometry 2020/01/02 v5.9 Page Geometry
(/usr/local/texlive/2023/texmf-dist/tex/generic/iftex/ifvtex.sty
Package: ifvtex 2019/10/25 v1.7 ifvtex legacy package. Use iftex instead.
)
\Gm@cnth=\count274
\Gm@cntv=\count275
\c@Gm@tempcnt=\count276
\Gm@bindingoffset=\dimen151
\Gm@wd@mp=\dimen152
\Gm@odd@mp=\dimen153
\Gm@even@mp=\dimen154
\Gm@layoutwidth=\dimen155
\Gm@layoutheight=\dimen156
\Gm@layouthoffset=\dimen157
\Gm@layoutvoffset=\dimen158
\Gm@dimlist=\toks27
) (/usr/local/texlive/2023/texmf-dist/tex/latex/graphics/graphicx.sty
Package: graphicx 2021/09/16 v1.2d Enhanced LaTeX Graphics (DPC,SPQR)
(/usr/local/texlive/2023/texmf-dist/tex/latex/graphics/graphics.sty
Package: graphics 2022/03/10 v1.4e Standard LaTeX Graphics (DPC,SPQR)
(/usr/local/texlive/2023/texmf-dist/tex/latex/graphics/trig.sty
Package: trig 2021/08/11 v1.11 sin cos tan (DPC)
) (/usr/local/texlive/2023/texmf-dist/tex/latex/graphics-cfg/graphics.cfg
File: graphics.cfg 2016/06/04 v1.11 sample graphics configuration
)
Package graphics Info: Driver file: pdftex.def on input line 107.
)
\Gin@req@height=\dimen159
\Gin@req@width=\dimen160
) (/usr/local/texlive/2023/texmf-dist/tex/latex/titling/titling.sty
Package: titling 2009/09/04 v2.1d maketitle typesetting
\thanksmarkwidth=\skip54
\thanksmargin=\skip55
\droptitle=\skip56
) (/usr/local/texlive/2023/texmf-dist/tex/latex/booktabs/booktabs.sty
Package: booktabs 2020/01/12 v1.61803398 Publication quality tables
\heavyrulewidth=\dimen161
\lightrulewidth=\dimen162
\cmidrulewidth=\dimen163
\belowrulesep=\dimen164
\belowbottomsep=\dimen165
\aboverulesep=\dimen166
\abovetopsep=\dimen167
\cmidrulesep=\dimen168
\cmidrulekern=\dimen169
\defaultaddspace=\dimen170
\@cmidla=\count277
\@cmidlb=\count278
\@aboverulesep=\dimen171
\@belowrulesep=\dimen172
\@thisruleclass=\count279
\@lastruleclass=\count280
\@thisrulewidth=\dimen173
) (/usr/local/texlive/2023/texmf-dist/tex/latex/tools/longtable.sty
Package: longtable 2021-09-01 v4.17 Multi-page Table package (DPC)
\LTleft=\skip57
\LTright=\skip58
\LTpre=\skip59
\LTpost=\skip60
\LTchunksize=\count281
\LTcapwidth=\dimen174
\LT@head=\box54
\LT@firsthead=\box55
\LT@foot=\box56
\LT@lastfoot=\box57
\LT@gbox=\box58
\LT@cols=\count282
\LT@rows=\count283
\c@LT@tables=\count284
\c@LT@chunks=\count285
\LT@p@ftn=\toks28
) (/usr/local/texlive/2023/texmf-dist/tex/latex/tools/array.sty
Package: array 2022/09/04 v2.5g Tabular extension package (FMi)
\col@sep=\dimen175
\ar@mcellbox=\box59
\extrarowheight=\dimen176
\NC@list=\toks29
\extratabsurround=\skip61
\backup@length=\skip62
\ar@cellbox=\box60
) (/usr/local/texlive/2023/texmf-dist/tex/latex/multirow/multirow.sty
Package: multirow 2021/03/15 v2.8 Span multiple rows of a table
\multirow@colwidth=\skip63
\multirow@cntb=\count286
\multirow@dima=\skip64
\bigstrutjot=\dimen177
) (/usr/local/texlive/2023/texmf-dist/tex/latex/wrapfig/wrapfig.sty
\wrapoverhang=\dimen178
\WF@size=\dimen179
\c@WF@wrappedlines=\count287
\WF@box=\box61
\WF@everypar=\toks30
Package: wrapfig 2003/01/31  v 3.6
) (/usr/local/texlive/2023/texmf-dist/tex/latex/float/float.sty
Package: float 2001/11/08 v1.3d Float enhancements (AL)
\c@float@type=\count288
\float@exts=\toks31
\float@box=\box62
\@float@everytoks=\toks32
\@floatcapt=\box63
) (/usr/local/texlive/2023/texmf-dist/tex/latex/colortbl/colortbl.sty
Package: colortbl 2022/06/20 v1.0f Color table columns (DPC)
\everycr=\toks33
\minrowclearance=\skip65
\rownum=\count289
) (/usr/local/texlive/2023/texmf-dist/tex/latex/pdflscape/pdflscape.sty
Package: pdflscape 2022-10-27 v0.13 Display of landscape pages in PDF

(/usr/local/texlive/2023/texmf-dist/tex/latex/pdflscape/pdflscape-nometadata.st
y
Package: pdflscape-nometadata 2022-10-28 v0.13 Display of landscape pages in PD
F (HO)
(/usr/local/texlive/2023/texmf-dist/tex/latex/graphics/lscape.sty
Package: lscape 2020/05/28 v3.02 Landscape Pages (DPC)
)
Package pdflscape Info: Auto-detected driver: pdftex on input line 81.
)) (/usr/local/texlive/2023/texmf-dist/tex/latex/tabu/tabu.sty
Package: tabu 2019/01/11 v2.9 - flexible LaTeX tabulars (FC+tabu-fixed)
(/usr/local/texlive/2023/texmf-dist/tex/latex/varwidth/varwidth.sty
Package: varwidth 2009/03/30 ver 0.92;  Variable-width minipages
\@vwid@box=\box64
\sift@deathcycles=\count290
\@vwid@loff=\dimen180
\@vwid@roff=\dimen181
)
\c@taburow=\count291
\tabu@nbcols=\count292
\tabu@cnt=\count293
\tabu@Xcol=\count294
\tabu@alloc=\count295
\tabu@nested=\count296
\tabu@target=\dimen182
\tabu@spreadtarget=\dimen183
\tabu@naturalX=\dimen184
\tabucolX=\dimen185
\tabu@Xsum=\dimen186
\extrarowdepth=\dimen187
\abovetabulinesep=\dimen188
\belowtabulinesep=\dimen189
\tabustrutrule=\dimen190
\tabu@thebody=\toks34
\tabu@footnotes=\toks35
\tabu@box=\box65
\tabu@arstrutbox=\box66
\tabu@hleads=\box67
\tabu@vleads=\box68
\tabu@cellskip=\skip66
)
(/usr/local/texlive/2023/texmf-dist/tex/latex/threeparttable/threeparttable.sty
Package: threeparttable 2003/06/13  v 3.0
\@tempboxb=\box69
)
(/usr/local/texlive/2023/texmf-dist/tex/latex/threeparttablex/threeparttablex.s
ty
Package: threeparttablex 2013/07/23 v0.3 by daleif
(/usr/local/texlive/2023/texmf-dist/tex/latex/environ/environ.sty
Package: environ 2014/05/04 v0.3 A new way to define environments
(/usr/local/texlive/2023/texmf-dist/tex/latex/trimspaces/trimspaces.sty
Package: trimspaces 2009/09/17 v1.1 Trim spaces around a token list
))
\TPTL@width=\skip67
) (/usr/local/texlive/2023/texmf-dist/tex/generic/ulem/ulem.sty
\UL@box=\box70
\UL@hyphenbox=\box71
\UL@skip=\skip68
\UL@hook=\toks36
\UL@height=\dimen191
\UL@pe=\count297
\UL@pixel=\dimen192
\ULC@box=\box72
Package: ulem 2019/11/18
\ULdepth=\dimen193
) (/usr/local/texlive/2023/texmf-dist/tex/latex/makecell/makecell.sty
Package: makecell 2009/08/03 V0.1e Managing of Tab Column Heads and Cells
\rotheadsize=\dimen194
\c@nlinenum=\count298
\TeXr@lab=\toks37
) (/usr/local/texlive/2023/texmf-dist/tex/latex/bookmark/bookmark.sty
Package: bookmark 2020-11-06 v1.29 PDF bookmarks (HO)
(/usr/local/texlive/2023/texmf-dist/tex/latex/hyperref/hyperref.sty
Package: hyperref 2023-07-08 v7.01b Hypertext links for LaTeX
(/usr/local/texlive/2023/texmf-dist/tex/generic/pdftexcmds/pdftexcmds.sty
Package: pdftexcmds 2020-06-27 v0.33 Utility functions of pdfTeX for LuaTeX (HO
)
(/usr/local/texlive/2023/texmf-dist/tex/generic/infwarerr/infwarerr.sty
Package: infwarerr 2019/12/03 v1.5 Providing info/warning/error messages (HO)
)
Package pdftexcmds Info: \pdf@primitive is available.
Package pdftexcmds Info: \pdf@ifprimitive is available.
Package pdftexcmds Info: \pdfdraftmode found.
) (/usr/local/texlive/2023/texmf-dist/tex/generic/kvdefinekeys/kvdefinekeys.sty
Package: kvdefinekeys 2019-12-19 v1.6 Define keys (HO)
) (/usr/local/texlive/2023/texmf-dist/tex/generic/pdfescape/pdfescape.sty
Package: pdfescape 2019/12/09 v1.15 Implements pdfTeX's escape features (HO)
) (/usr/local/texlive/2023/texmf-dist/tex/latex/hycolor/hycolor.sty
Package: hycolor 2020-01-27 v1.10 Color options for hyperref/bookmark (HO)
) (/usr/local/texlive/2023/texmf-dist/tex/latex/letltxmacro/letltxmacro.sty
Package: letltxmacro 2019/12/03 v1.6 Let assignment for LaTeX macros (HO)
) (/usr/local/texlive/2023/texmf-dist/tex/latex/auxhook/auxhook.sty
Package: auxhook 2019-12-17 v1.6 Hooks for auxiliary files (HO)
) (/usr/local/texlive/2023/texmf-dist/tex/latex/hyperref/nameref.sty
Package: nameref 2023-08-07 v2.53 Cross-referencing by name of section
(/usr/local/texlive/2023/texmf-dist/tex/latex/refcount/refcount.sty
Package: refcount 2019/12/15 v3.6 Data extraction from label references (HO)
)
(/usr/local/texlive/2023/texmf-dist/tex/generic/gettitlestring/gettitlestring.s
ty
Package: gettitlestring 2019/12/15 v1.6 Cleanup title references (HO)
)
\c@section@level=\count299
)
\@linkdim=\dimen195
\Hy@linkcounter=\count300
\Hy@pagecounter=\count301
(/usr/local/texlive/2023/texmf-dist/tex/latex/hyperref/pd1enc.def
File: pd1enc.def 2023-07-08 v7.01b Hyperref: PDFDocEncoding definition (HO)
Now handling font encoding PD1 ...
... no UTF-8 mapping file for font encoding PD1
) (/usr/local/texlive/2023/texmf-dist/tex/generic/intcalc/intcalc.sty
Package: intcalc 2019/12/15 v1.3 Expandable calculations with integers (HO)
)
\Hy@SavedSpaceFactor=\count302
(/usr/local/texlive/2023/texmf-dist/tex/latex/hyperref/puenc.def
File: puenc.def 2023-07-08 v7.01b Hyperref: PDF Unicode definition (HO)
Now handling font encoding PU ...
... no UTF-8 mapping file for font encoding PU
)
Package hyperref Info: Option `unicode' set `true' on input line 4050.
Package hyperref Info: Hyper figures OFF on input line 4167.
Package hyperref Info: Link nesting OFF on input line 4172.
Package hyperref Info: Hyper index ON on input line 4175.
Package hyperref Info: Plain pages OFF on input line 4182.
Package hyperref Info: Backreferencing OFF on input line 4187.
Package hyperref Info: Implicit mode ON; LaTeX internals redefined.
Package hyperref Info: Bookmarks ON on input line 4434.
\c@Hy@tempcnt=\count303
(/usr/local/texlive/2023/texmf-dist/tex/latex/url/url.sty
\Urlmuskip=\muskip17
Package: url 2013/09/16  ver 3.4  Verb mode for urls, etc.
)
LaTeX Info: Redefining \url on input line 4772.
\XeTeXLinkMargin=\dimen196
(/usr/local/texlive/2023/texmf-dist/tex/generic/bitset/bitset.sty
Package: bitset 2019/12/09 v1.3 Handle bit-vector datatype (HO)
(/usr/local/texlive/2023/texmf-dist/tex/generic/bigintcalc/bigintcalc.sty
Package: bigintcalc 2019/12/15 v1.5 Expandable calculations on big integers (HO
)
))
\Fld@menulength=\count304
\Field@Width=\dimen197
\Fld@charsize=\dimen198
Package hyperref Info: Hyper figures OFF on input line 6051.
Package hyperref Info: Link nesting OFF on input line 6056.
Package hyperref Info: Hyper index ON on input line 6059.
Package hyperref Info: backreferencing OFF on input line 6066.
Package hyperref Info: Link coloring OFF on input line 6071.
Package hyperref Info: Link coloring with OCG OFF on input line 6076.
Package hyperref Info: PDF/A mode OFF on input line 6081.
(/usr/local/texlive/2023/texmf-dist/tex/latex/base/atbegshi-ltx.sty
Package: atbegshi-ltx 2021/01/10 v1.0c Emulation of the original atbegshi
package with kernel methods
)
\Hy@abspage=\count305
\c@Item=\count306
\c@Hfootnote=\count307
)
Package hyperref Info: Driver (autodetected): hpdftex.
(/usr/local/texlive/2023/texmf-dist/tex/latex/hyperref/hpdftex.def
File: hpdftex.def 2023-07-08 v7.01b Hyperref driver for pdfTeX
(/usr/local/texlive/2023/texmf-dist/tex/latex/base/atveryend-ltx.sty
Package: atveryend-ltx 2020/08/19 v1.0a Emulation of the original atveryend pac
kage
with kernel methods
)
\Fld@listcount=\count308
\c@bookmark@seq@number=\count309

(/usr/local/texlive/2023/texmf-dist/tex/latex/rerunfilecheck/rerunfilecheck.sty
Package: rerunfilecheck 2022-07-10 v1.10 Rerun checks for auxiliary files (HO)

(/usr/local/texlive/2023/texmf-dist/tex/generic/uniquecounter/uniquecounter.sty
Package: uniquecounter 2019/12/15 v1.4 Provide unlimited unique counter (HO)
)
Package uniquecounter Info: New unique counter `rerunfilecheck' on input line 2
85.
)
\Hy@SectionHShift=\skip69
) (/usr/local/texlive/2023/texmf-dist/tex/latex/bookmark/bkm-pdftex.def
File: bkm-pdftex.def 2020-11-06 v1.29 bookmark driver for pdfTeX (HO)
\BKM@id=\count310
)) (/usr/local/texlive/2023/texmf-dist/tex/latex/xurl/xurl.sty
Package: xurl 2022/01/09 v 0.10 modify URL breaks
)
LaTeX Font Info:    Trying to load font information for T1+lmr on input line 92
.
(/usr/local/texlive/2023/texmf-dist/tex/latex/lm/t1lmr.fd
File: t1lmr.fd 2015/05/01 v1.6.1 Font defs for Latin Modern
) (/usr/local/texlive/2023/texmf-dist/tex/latex/l3backend/l3backend-pdftex.def
File: l3backend-pdftex.def 2023-04-19 L3 backend support: PDF output (pdfTeX)
\l__color_backend_stack_int=\count311
\l__pdf_internal_box=\box73
) (./writeup.aux

LaTeX Warning: Label `table:strategy_rank' multiply defined.

)
\openout1 = `writeup.aux'.

LaTeX Font Info:    Checking defaults for OML/cmm/m/it on input line 92.
LaTeX Font Info:    ... okay on input line 92.
LaTeX Font Info:    Checking defaults for OMS/cmsy/m/n on input line 92.
LaTeX Font Info:    ... okay on input line 92.
LaTeX Font Info:    Checking defaults for OT1/cmr/m/n on input line 92.
LaTeX Font Info:    ... okay on input line 92.
LaTeX Font Info:    Checking defaults for T1/cmr/m/n on input line 92.
LaTeX Font Info:    ... okay on input line 92.
LaTeX Font Info:    Checking defaults for TS1/cmr/m/n on input line 92.
LaTeX Font Info:    ... okay on input line 92.
LaTeX Font Info:    Checking defaults for OMX/cmex/m/n on input line 92.
LaTeX Font Info:    ... okay on input line 92.
LaTeX Font Info:    Checking defaults for U/cmr/m/n on input line 92.
LaTeX Font Info:    ... okay on input line 92.
LaTeX Font Info:    Checking defaults for PD1/pdf/m/n on input line 92.
LaTeX Font Info:    ... okay on input line 92.
LaTeX Font Info:    Checking defaults for PU/pdf/m/n on input line 92.
LaTeX Font Info:    ... okay on input line 92.
LaTeX Info: Redefining \microtypecontext on input line 92.
Package microtype Info: Applying patch `item' on input line 92.
Package microtype Info: Applying patch `toc' on input line 92.
Package microtype Info: Applying patch `eqnum' on input line 92.
Package microtype Info: Applying patch `footnote' on input line 92.
Package microtype Info: Applying patch `verbatim' on input line 92.
Package microtype Info: Generating PDF output.
Package microtype Info: Character protrusion enabled (level 2).
Package microtype Info: Using protrusion set `basicmath'.
Package microtype Info: Automatic font expansion enabled (level 2),
(microtype)             stretch: 20, shrink: 20, step: 1, non-selected.
Package microtype Info: Using default expansion set `alltext-nott'.
LaTeX Info: Redefining \showhyphens on input line 92.
Package microtype Info: No adjustment of tracking.
Package microtype Info: No adjustment of interword spacing.
Package microtype Info: No adjustment of character kerning.
(/usr/local/texlive/2023/texmf-dist/tex/latex/microtype/mt-cmr.cfg
File: mt-cmr.cfg 2013/05/19 v2.2 microtype config. file: Computer Modern Roman 
(RS)
) (/usr/local/texlive/2023/texmf-dist/tex/context/base/mkii/supp-pdf.mkii
[Loading MPS to PDF converter (version 2006.09.02).]
\scratchcounter=\count312
\scratchdimen=\dimen199
\scratchbox=\box74
\nofMPsegments=\count313
\nofMParguments=\count314
\everyMPshowfont=\toks38
\MPscratchCnt=\count315
\MPscratchDim=\dimen256
\MPnumerator=\count316
\makeMPintoPDFobject=\count317
\everyMPtoPDFconversion=\toks39
) (/usr/local/texlive/2023/texmf-dist/tex/latex/epstopdf-pkg/epstopdf-base.sty
Package: epstopdf-base 2020-01-24 v2.11 Base part for package epstopdf
Package epstopdf-base Info: Redefining graphics rule for `.eps' on input line 4
85.
(/usr/local/texlive/2023/texmf-dist/tex/latex/latexconfig/epstopdf-sys.cfg
File: epstopdf-sys.cfg 2010/07/13 v1.3 Configuration of (r)epstopdf for TeX Liv
e
))
*geometry* driver: auto-detecting
*geometry* detected driver: pdftex
*geometry* verbose mode - [ preamble ] result:
* driver: pdftex
* paper: <default>
* layout: <same size as paper>
* layoutoffset:(h,v)=(0.0pt,0.0pt)
* modes: 
* h-part:(L,W,R)=(44.10185pt, 526.0913pt, 44.10185pt)
* v-part:(T,H,B)=(44.10185pt, 706.76628pt, 44.10185pt)
* \paperwidth=614.295pt
* \paperheight=794.96999pt
* \textwidth=526.0913pt
* \textheight=706.76628pt
* \oddsidemargin=-28.16814pt
* \evensidemargin=-28.16814pt
* \topmargin=-65.16814pt
* \headheight=12.0pt
* \headsep=25.0pt
* \topskip=11.0pt
* \footskip=30.0pt
* \marginparwidth=59.0pt
* \marginparsep=10.0pt
* \columnsep=10.0pt
* \skip\footins=10.0pt plus 4.0pt minus 2.0pt
* \hoffset=0.0pt
* \voffset=0.0pt
* \mag=1000
* \@twocolumnfalse
* \@twosidefalse
* \@mparswitchfalse
* \@reversemarginfalse
* (1in=72.27pt=25.4mm, 1cm=28.453pt)

Package hyperref Info: Link coloring OFF on input line 92.
LaTeX Font Info:    Trying to load font information for OT1+lmr on input line 9
4.
(/usr/local/texlive/2023/texmf-dist/tex/latex/lm/ot1lmr.fd
File: ot1lmr.fd 2015/05/01 v1.6.1 Font defs for Latin Modern
)
LaTeX Font Info:    Trying to load font information for OML+lmm on input line 9
4.
(/usr/local/texlive/2023/texmf-dist/tex/latex/lm/omllmm.fd
File: omllmm.fd 2015/05/01 v1.6.1 Font defs for Latin Modern
)
LaTeX Font Info:    Trying to load font information for OMS+lmsy on input line 
94.
(/usr/local/texlive/2023/texmf-dist/tex/latex/lm/omslmsy.fd
File: omslmsy.fd 2015/05/01 v1.6.1 Font defs for Latin Modern
)
LaTeX Font Info:    Trying to load font information for OMX+lmex on input line 
94.
(/usr/local/texlive/2023/texmf-dist/tex/latex/lm/omxlmex.fd
File: omxlmex.fd 2015/05/01 v1.6.1 Font defs for Latin Modern
)
LaTeX Font Info:    External font `lmex10' loaded for size
(Font)              <12> on input line 94.
LaTeX Font Info:    External font `lmex10' loaded for size
(Font)              <8> on input line 94.
LaTeX Font Info:    External font `lmex10' loaded for size
(Font)              <6> on input line 94.
LaTeX Font Info:    Trying to load font information for U+msa on input line 94.

(/usr/local/texlive/2023/texmf-dist/tex/latex/amsfonts/umsa.fd
File: umsa.fd 2013/01/14 v3.01 AMS symbols A
) (/usr/local/texlive/2023/texmf-dist/tex/latex/microtype/mt-msa.cfg
File: mt-msa.cfg 2006/02/04 v1.1 microtype config. file: AMS symbols (a) (RS)
)
LaTeX Font Info:    Trying to load font information for U+msb on input line 94.

(/usr/local/texlive/2023/texmf-dist/tex/latex/amsfonts/umsb.fd
File: umsb.fd 2013/01/14 v3.01 AMS symbols B
) (/usr/local/texlive/2023/texmf-dist/tex/latex/microtype/mt-msb.cfg
File: mt-msb.cfg 2005/06/01 v1.0 microtype config. file: AMS symbols (b) (RS)
)
LaTeX Font Info:    External font `lmex10' loaded for size
(Font)              <10.95> on input line 108.

Underfull \hbox (badness 10000) in paragraph at lines 100--156

 []


Underfull \hbox (badness 10000) in paragraph at lines 157--181

 []

[1

{/usr/local/texlive/2023/texmf-var/fonts/map/pdftex/updmap/pdftex.map}{/usr/loc
al/texlive/2023/texmf-dist/fonts/enc/dvips/lm/lm-ec.enc}{/usr/local/texlive/202
3/texmf-dist/fonts/enc/dvips/lm/lm-rm.enc}]
Underfull \hbox (badness 10000) in paragraph at lines 187--209

 []


Underfull \hbox (badness 10000) in paragraph at lines 210--288

 []

[2]
Underfull \hbox (badness 10000) in paragraph at lines 289--311

 []

<writeup_files/figure-latex/unnamed-chunk-1-1.pdf, id=23, 570.13pt x 274.02374p
t>
File: writeup_files/figure-latex/unnamed-chunk-1-1.pdf Graphic file (type pdf)
<use writeup_files/figure-latex/unnamed-chunk-1-1.pdf>
Package pdftex.def Info: writeup_files/figure-latex/unnamed-chunk-1-1.pdf  used
 on input line 312.
(pdftex.def)             Requested size: 526.09187pt x 252.85753pt.

Underfull \hbox (badness 10000) in paragraph at lines 312--325

 []

[3]
LaTeX Font Info:    Trying to load font information for T1+lmtt on input line 3
45.
(/usr/local/texlive/2023/texmf-dist/tex/latex/lm/t1lmtt.fd
File: t1lmtt.fd 2015/05/01 v1.6.1 Font defs for Latin Modern
)
Underfull \hbox (badness 10000) in paragraph at lines 328--375

 []

[4 <./writeup_files/figure-latex/unnamed-chunk-1-1.pdf>]
Underfull \hbox (badness 10000) in paragraph at lines 376--426

 []


Underfull \hbox (badness 1721) in paragraph at lines 430--457
[][][][] \T1/lmr/m/n/10.95 (+20) For the bi-nary re-sponse vari-able \T1/lmtt/m
/n/10.95 MondayOpenHigherThanFridayClose\T1/lmr/m/n/10.95 (+20) , our anal-y-si
s led to the
 []


Underfull \hbox (badness 1292) in paragraph at lines 430--457
\T1/lmr/m/n/10.95 (+20) for-mu-la-tion of both fixed-effects and random-effects
 lo-gis-tic re-gres-sion mod-els. The mod-els iden-
 []


Underfull \hbox (badness 1132) in paragraph at lines 430--457
\T1/lmr/m/n/10.95 (+20) ti-fied sev-eral sig-nif-i-cant pre-dic-tor vari-ables.
 The bi-nary pre-dic-tors --- \T1/lmtt/m/n/10.95 isItLastFridayOfTheMonth\T1/lm
r/m/n/10.95 (+20) ,
 []


Underfull \hbox (badness 10000) in paragraph at lines 430--457

 []

[5]
Overfull \hbox (16.05115pt too wide) in paragraph at lines 481--507
[][][][] \T1/lmr/m/n/10.95 (-20) In the fixed-effects model, neg-a-tive co-ef-f
i-cients for \T1/lmtt/m/n/10.95 NFPOutcomeIsShock\T1/lmr/m/n/10.95 (-20) , \T1/
lmtt/m/n/10.95 wasFridayHighLowerThanThursdayLow\T1/lmr/m/n/10.95 (-20) ,
 []


Underfull \hbox (badness 10000) in paragraph at lines 481--507

 []

[6{/usr/local/texlive/2023/texmf-dist/fonts/enc/dvips/lm/lm-mathit.enc}{/usr/lo
cal/texlive/2023/texmf-dist/fonts/enc/dvips/lm/lm-mathex.enc}{/usr/local/texliv
e/2023/texmf-dist/fonts/enc/dvips/lm/lm-mathsy.enc}]
Underfull \hbox (badness 10000) in paragraph at lines 537--547

 []


Underfull \hbox (badness 10000) in paragraph at lines 551--563

 []


Underfull \hbox (badness 10000) in paragraph at lines 564--577

 []

[7]
Underfull \hbox (badness 10000) in paragraph at lines 610--623

 []

[8]
Underfull \hbox (badness 10000) in paragraph at lines 656--671

 []


Underfull \hbox (badness 10000) in paragraph at lines 675--698

 []

[9] [10]
Underfull \hbox (badness 10000) in paragraph at lines 726--727

 []


Underfull \hbox (badness 10000) in paragraph at lines 741--742

 []


Underfull \hbox (badness 10000) in paragraph at lines 756--757

 []


Underfull \hbox (badness 10000) in paragraph at lines 772--773

 []

LaTeX Font Info:    Trying to load font information for TS1+lmtt on input line 
780.
(/usr/local/texlive/2023/texmf-dist/tex/latex/lm/ts1lmtt.fd
File: ts1lmtt.fd 2015/05/01 v1.6.1 Font defs for Latin Modern
)
<writeup_files/figure-latex/unnamed-chunk-7-1.pdf, id=83, 650.43pt x 289.08pt>
File: writeup_files/figure-latex/unnamed-chunk-7-1.pdf Graphic file (type pdf)
<use writeup_files/figure-latex/unnamed-chunk-7-1.pdf>
Package pdftex.def Info: writeup_files/figure-latex/unnamed-chunk-7-1.pdf  used
 on input line 787.
(pdftex.def)             Requested size: 526.13083pt x 233.83592pt.
[11{/usr/local/texlive/2023/texmf-dist/fonts/enc/dvips/lm/lm-ts1.enc}]
Underfull \hbox (badness 10000) in paragraph at lines 792--793

 []


Underfull \hbox (badness 10000) in paragraph at lines 808--809

 []


Underfull \hbox (badness 10000) in paragraph at lines 821--822

 []

[12 <./writeup_files/figure-latex/unnamed-chunk-7-1.pdf>]
Underfull \hbox (badness 10000) in paragraph at lines 837--838

 []

<writeup_files/figure-latex/unnamed-chunk-12-1.pdf, id=103, 650.43pt x 289.08pt
>
File: writeup_files/figure-latex/unnamed-chunk-12-1.pdf Graphic file (type pdf)

<use writeup_files/figure-latex/unnamed-chunk-12-1.pdf>
Package pdftex.def Info: writeup_files/figure-latex/unnamed-chunk-12-1.pdf  use
d on input line 851.
(pdftex.def)             Requested size: 526.13083pt x 233.83592pt.
<writeup_files/figure-latex/unnamed-chunk-14-1.pdf, id=104, 650.43pt x 289.08pt
>
File: writeup_files/figure-latex/unnamed-chunk-14-1.pdf Graphic file (type pdf)

<use writeup_files/figure-latex/unnamed-chunk-14-1.pdf>
Package pdftex.def Info: writeup_files/figure-latex/unnamed-chunk-14-1.pdf  use
d on input line 865.
(pdftex.def)             Requested size: 526.13083pt x 233.83592pt.
[13 <./writeup_files/figure-latex/unnamed-chunk-12-1.pdf>]
Underfull \hbox (badness 10000) in paragraph at lines 878--879

 []

[14 <./writeup_files/figure-latex/unnamed-chunk-14-1.pdf>]
Underfull \hbox (badness 10000) in paragraph at lines 918--919

 []

[15]
Underfull \hbox (badness 10000) in paragraph at lines 972--973

 []


Underfull \hbox (badness 10000) in paragraph at lines 1008--1009

 []

[16]
Overfull \hbox (25.78712pt too wide) in paragraph at lines 1056--1056
[]\T1/lmtt/m/n/10.95 ## WasMondayCloseHigherThanFridayClose ~ NFPOutcomeIsShock
 + wasFridayHighLowerThanThursdayLow +[] 
 []


Underfull \hbox (badness 10000) in paragraph at lines 1059--1060

 []

<images/cumulative_returns_open_2003.png, id=133, 722.7pt x 433.62pt>
File: images/cumulative_returns_open_2003.png Graphic file (type png)
<use images/cumulative_returns_open_2003.png>
Package pdftex.def Info: images/cumulative_returns_open_2003.png  used on input
 line 1061.
(pdftex.def)             Requested size: 526.08893pt x 315.65335pt.
<images/cumulative_returns_open_2004.png, id=135, 722.7pt x 433.62pt>
File: images/cumulative_returns_open_2004.png Graphic file (type png)
<use images/cumulative_returns_open_2004.png>
Package pdftex.def Info: images/cumulative_returns_open_2004.png  used on input
 line 1062.
(pdftex.def)             Requested size: 526.08893pt x 315.65335pt.
<images/cumulative_returns_open_2005.png, id=136, 722.7pt x 433.62pt>
File: images/cumulative_returns_open_2005.png Graphic file (type png)
<use images/cumulative_returns_open_2005.png>
Package pdftex.def Info: images/cumulative_returns_open_2005.png  used on input
 line 1063.
(pdftex.def)             Requested size: 526.08893pt x 315.65335pt.
<images/cumulative_returns_open_2006.png, id=137, 722.7pt x 433.62pt>
File: images/cumulative_returns_open_2006.png Graphic file (type png)
<use images/cumulative_returns_open_2006.png>
Package pdftex.def Info: images/cumulative_returns_open_2006.png  used on input
 line 1064.
(pdftex.def)             Requested size: 526.08893pt x 315.65335pt.
<images/cumulative_returns_open_2007.png, id=138, 722.7pt x 433.62pt>
File: images/cumulative_returns_open_2007.png Graphic file (type png)
<use images/cumulative_returns_open_2007.png>
Package pdftex.def Info: images/cumulative_returns_open_2007.png  used on input
 line 1065.
(pdftex.def)             Requested size: 526.08893pt x 315.65335pt.
<images/cumulative_returns_open_2008.png, id=139, 722.7pt x 433.62pt>
File: images/cumulative_returns_open_2008.png Graphic file (type png)
<use images/cumulative_returns_open_2008.png>
Package pdftex.def Info: images/cumulative_returns_open_2008.png  used on input
 line 1066.
(pdftex.def)             Requested size: 526.08893pt x 315.65335pt.
<images/cumulative_returns_open_2009.png, id=140, 722.7pt x 433.62pt>
File: images/cumulative_returns_open_2009.png Graphic file (type png)
<use images/cumulative_returns_open_2009.png>
Package pdftex.def Info: images/cumulative_returns_open_2009.png  used on input
 line 1067.
(pdftex.def)             Requested size: 526.08893pt x 315.65335pt.
<images/cumulative_returns_open_2010.png, id=141, 722.7pt x 433.62pt>
File: images/cumulative_returns_open_2010.png Graphic file (type png)
<use images/cumulative_returns_open_2010.png>
Package pdftex.def Info: images/cumulative_returns_open_2010.png  used on input
 line 1068.
(pdftex.def)             Requested size: 526.08893pt x 315.65335pt.
<images/cumulative_returns_open_2011.png, id=142, 722.7pt x 433.62pt>
File: images/cumulative_returns_open_2011.png Graphic file (type png)
<use images/cumulative_returns_open_2011.png>
Package pdftex.def Info: images/cumulative_returns_open_2011.png  used on input
 line 1069.
(pdftex.def)             Requested size: 526.08893pt x 315.65335pt.
<images/cumulative_returns_open_2012.png, id=143, 722.7pt x 433.62pt>
File: images/cumulative_returns_open_2012.png Graphic file (type png)
<use images/cumulative_returns_open_2012.png>
Package pdftex.def Info: images/cumulative_returns_open_2012.png  used on input
 line 1070.
(pdftex.def)             Requested size: 526.08893pt x 315.65335pt.
<images/cumulative_returns_open_2013.png, id=144, 722.7pt x 433.62pt>
File: images/cumulative_returns_open_2013.png Graphic file (type png)
<use images/cumulative_returns_open_2013.png>
Package pdftex.def Info: images/cumulative_returns_open_2013.png  used on input
 line 1071.
(pdftex.def)             Requested size: 526.08893pt x 315.65335pt.
<images/cumulative_returns_open_2014.png, id=145, 722.7pt x 433.62pt>
File: images/cumulative_returns_open_2014.png Graphic file (type png)
<use images/cumulative_returns_open_2014.png>
Package pdftex.def Info: images/cumulative_returns_open_2014.png  used on input
 line 1072.
(pdftex.def)             Requested size: 526.08893pt x 315.65335pt.
<images/cumulative_returns_open_2015.png, id=146, 722.7pt x 433.62pt>
File: images/cumulative_returns_open_2015.png Graphic file (type png)
<use images/cumulative_returns_open_2015.png>
Package pdftex.def Info: images/cumulative_returns_open_2015.png  used on input
 line 1073.
(pdftex.def)             Requested size: 526.08893pt x 315.65335pt.
<images/cumulative_returns_open_2016.png, id=147, 722.7pt x 433.62pt>
File: images/cumulative_returns_open_2016.png Graphic file (type png)
<use images/cumulative_returns_open_2016.png>
Package pdftex.def Info: images/cumulative_returns_open_2016.png  used on input
 line 1074.
(pdftex.def)             Requested size: 526.08893pt x 315.65335pt.
<images/cumulative_returns_open_2017.png, id=148, 722.7pt x 433.62pt>
File: images/cumulative_returns_open_2017.png Graphic file (type png)
<use images/cumulative_returns_open_2017.png>
Package pdftex.def Info: images/cumulative_returns_open_2017.png  used on input
 line 1075.
(pdftex.def)             Requested size: 526.08893pt x 315.65335pt.
<images/cumulative_returns_open_2018.png, id=149, 722.7pt x 433.62pt>
File: images/cumulative_returns_open_2018.png Graphic file (type png)
<use images/cumulative_returns_open_2018.png>
Package pdftex.def Info: images/cumulative_returns_open_2018.png  used on input
 line 1076.
(pdftex.def)             Requested size: 526.08893pt x 315.65335pt.
<images/cumulative_returns_open_2019.png, id=150, 722.7pt x 433.62pt>
File: images/cumulative_returns_open_2019.png Graphic file (type png)
<use images/cumulative_returns_open_2019.png>
Package pdftex.def Info: images/cumulative_returns_open_2019.png  used on input
 line 1077.
(pdftex.def)             Requested size: 526.08893pt x 315.65335pt.
<images/cumulative_returns_open_2020.png, id=151, 722.7pt x 433.62pt>
File: images/cumulative_returns_open_2020.png Graphic file (type png)
<use images/cumulative_returns_open_2020.png>
Package pdftex.def Info: images/cumulative_returns_open_2020.png  used on input
 line 1078.
(pdftex.def)             Requested size: 526.08893pt x 315.65335pt.
<images/cumulative_returns_open_2021.png, id=152, 722.7pt x 433.62pt>
File: images/cumulative_returns_open_2021.png Graphic file (type png)
<use images/cumulative_returns_open_2021.png>
Package pdftex.def Info: images/cumulative_returns_open_2021.png  used on input
 line 1079.
(pdftex.def)             Requested size: 526.08893pt x 315.65335pt.
<images/cumulative_returns_open_2022.png, id=153, 722.7pt x 433.62pt>
File: images/cumulative_returns_open_2022.png Graphic file (type png)
<use images/cumulative_returns_open_2022.png>
Package pdftex.def Info: images/cumulative_returns_open_2022.png  used on input
 line 1080.
(pdftex.def)             Requested size: 526.08893pt x 315.65335pt.
<images/cumulative_returns_open_2023.png, id=154, 722.7pt x 433.62pt>
File: images/cumulative_returns_open_2023.png Graphic file (type png)
<use images/cumulative_returns_open_2023.png>
Package pdftex.def Info: images/cumulative_returns_open_2023.png  used on input
 line 1081.
(pdftex.def)             Requested size: 526.08893pt x 315.65335pt.

Underfull \hbox (badness 10000) in paragraph at lines 1061--1082
[][]
 []


Underfull \hbox (badness 10000) in paragraph at lines 1061--1082
[]
 []


Underfull \hbox (badness 10000) in paragraph at lines 1061--1082
[]
 []


Underfull \hbox (badness 10000) in paragraph at lines 1061--1082
[]
 []


Underfull \hbox (badness 10000) in paragraph at lines 1061--1082
[]
 []


Underfull \hbox (badness 10000) in paragraph at lines 1061--1082
[]
 []


Underfull \hbox (badness 10000) in paragraph at lines 1061--1082
[]
 []


Underfull \hbox (badness 10000) in paragraph at lines 1061--1082
[]
 []


Underfull \hbox (badness 10000) in paragraph at lines 1061--1082
[]
 []


Underfull \hbox (badness 10000) in paragraph at lines 1061--1082
[]
 []


Underfull \hbox (badness 10000) in paragraph at lines 1061--1082
[]
 []


Underfull \hbox (badness 10000) in paragraph at lines 1061--1082
[]
 []


Underfull \hbox (badness 10000) in paragraph at lines 1061--1082
[]
 []


Underfull \hbox (badness 10000) in paragraph at lines 1061--1082
[]
 []


Underfull \hbox (badness 10000) in paragraph at lines 1061--1082
[]
 []


Underfull \hbox (badness 10000) in paragraph at lines 1061--1082
[]
 []


Underfull \hbox (badness 10000) in paragraph at lines 1061--1082
[]
 []


Underfull \hbox (badness 10000) in paragraph at lines 1061--1082
[]
 []


Underfull \hbox (badness 10000) in paragraph at lines 1061--1082
[]
 []


Underfull \hbox (badness 10000) in paragraph at lines 1061--1082
[]
 []

[17] [18 <./images/cumulative_returns_open_2003.png> <./images/cumulative_retur
ns_open_2004.png>] [19 <./images/cumulative_returns_open_2005.png> <./images/cu
mulative_returns_open_2006.png>] [20 <./images/cumulative_returns_open_2007.png
> <./images/cumulative_returns_open_2008.png>] [21 <./images/cumulative_returns
_open_2009.png> <./images/cumulative_returns_open_2010.png>] [22 <./images/cumu
lative_returns_open_2011.png> <./images/cumulative_returns_open_2012.png>] [23 
<./images/cumulative_returns_open_2013.png> <./images/cumulative_returns_open_2
014.png>] [24 <./images/cumulative_returns_open_2015.png> <./images/cumulative_
returns_open_2016.png>] [25 <./images/cumulative_returns_open_2017.png> <./imag
es/cumulative_returns_open_2018.png>] [26 <./images/cumulative_returns_open_201
9.png> <./images/cumulative_returns_open_2020.png>] [27 <./images/cumulative_re
turns_open_2021.png> <./images/cumulative_returns_open_2022.png>]
<images/cumulative_returns_close_2003.png, id=222, 722.7pt x 433.62pt>
File: images/cumulative_returns_close_2003.png Graphic file (type png)
<use images/cumulative_returns_close_2003.png>
Package pdftex.def Info: images/cumulative_returns_close_2003.png  used on inpu
t line 1083.
(pdftex.def)             Requested size: 526.08893pt x 315.65335pt.
<images/cumulative_returns_close_2004.png, id=223, 722.7pt x 433.62pt>
File: images/cumulative_returns_close_2004.png Graphic file (type png)
<use images/cumulative_returns_close_2004.png>
Package pdftex.def Info: images/cumulative_returns_close_2004.png  used on inpu
t line 1084.
(pdftex.def)             Requested size: 526.08893pt x 315.65335pt.
<images/cumulative_returns_close_2005.png, id=224, 722.7pt x 433.62pt>
File: images/cumulative_returns_close_2005.png Graphic file (type png)
<use images/cumulative_returns_close_2005.png>
Package pdftex.def Info: images/cumulative_returns_close_2005.png  used on inpu
t line 1085.
(pdftex.def)             Requested size: 526.08893pt x 315.65335pt.
<images/cumulative_returns_close_2006.png, id=225, 722.7pt x 433.62pt>
File: images/cumulative_returns_close_2006.png Graphic file (type png)
<use images/cumulative_returns_close_2006.png>
Package pdftex.def Info: images/cumulative_returns_close_2006.png  used on inpu
t line 1086.
(pdftex.def)             Requested size: 526.08893pt x 315.65335pt.
<images/cumulative_returns_close_2007.png, id=226, 722.7pt x 433.62pt>
File: images/cumulative_returns_close_2007.png Graphic file (type png)
<use images/cumulative_returns_close_2007.png>
Package pdftex.def Info: images/cumulative_returns_close_2007.png  used on inpu
t line 1087.
(pdftex.def)             Requested size: 526.08893pt x 315.65335pt.
<images/cumulative_returns_close_2008.png, id=227, 722.7pt x 433.62pt>
File: images/cumulative_returns_close_2008.png Graphic file (type png)
<use images/cumulative_returns_close_2008.png>
Package pdftex.def Info: images/cumulative_returns_close_2008.png  used on inpu
t line 1088.
(pdftex.def)             Requested size: 526.08893pt x 315.65335pt.
<images/cumulative_returns_close_2009.png, id=228, 722.7pt x 433.62pt>
File: images/cumulative_returns_close_2009.png Graphic file (type png)
<use images/cumulative_returns_close_2009.png>
Package pdftex.def Info: images/cumulative_returns_close_2009.png  used on inpu
t line 1089.
(pdftex.def)             Requested size: 526.08893pt x 315.65335pt.
<images/cumulative_returns_close_2010.png, id=229, 722.7pt x 433.62pt>
File: images/cumulative_returns_close_2010.png Graphic file (type png)
<use images/cumulative_returns_close_2010.png>
Package pdftex.def Info: images/cumulative_returns_close_2010.png  used on inpu
t line 1090.
(pdftex.def)             Requested size: 526.08893pt x 315.65335pt.
<images/cumulative_returns_close_2011.png, id=230, 722.7pt x 433.62pt>
File: images/cumulative_returns_close_2011.png Graphic file (type png)
<use images/cumulative_returns_close_2011.png>
Package pdftex.def Info: images/cumulative_returns_close_2011.png  used on inpu
t line 1091.
(pdftex.def)             Requested size: 526.08893pt x 315.65335pt.
<images/cumulative_returns_close_2012.png, id=231, 722.7pt x 433.62pt>
File: images/cumulative_returns_close_2012.png Graphic file (type png)
<use images/cumulative_returns_close_2012.png>
Package pdftex.def Info: images/cumulative_returns_close_2012.png  used on inpu
t line 1092.
(pdftex.def)             Requested size: 526.08893pt x 315.65335pt.
<images/cumulative_returns_close_2013.png, id=232, 722.7pt x 433.62pt>
File: images/cumulative_returns_close_2013.png Graphic file (type png)
<use images/cumulative_returns_close_2013.png>
Package pdftex.def Info: images/cumulative_returns_close_2013.png  used on inpu
t line 1093.
(pdftex.def)             Requested size: 526.08893pt x 315.65335pt.
<images/cumulative_returns_close_2014.png, id=233, 722.7pt x 433.62pt>
File: images/cumulative_returns_close_2014.png Graphic file (type png)
<use images/cumulative_returns_close_2014.png>
Package pdftex.def Info: images/cumulative_returns_close_2014.png  used on inpu
t line 1094.
(pdftex.def)             Requested size: 526.08893pt x 315.65335pt.
<images/cumulative_returns_close_2015.png, id=234, 722.7pt x 433.62pt>
File: images/cumulative_returns_close_2015.png Graphic file (type png)
<use images/cumulative_returns_close_2015.png>
Package pdftex.def Info: images/cumulative_returns_close_2015.png  used on inpu
t line 1095.
(pdftex.def)             Requested size: 526.08893pt x 315.65335pt.
<images/cumulative_returns_close_2016.png, id=235, 722.7pt x 433.62pt>
File: images/cumulative_returns_close_2016.png Graphic file (type png)
<use images/cumulative_returns_close_2016.png>
Package pdftex.def Info: images/cumulative_returns_close_2016.png  used on inpu
t line 1096.
(pdftex.def)             Requested size: 526.08893pt x 315.65335pt.
<images/cumulative_returns_close_2017.png, id=236, 722.7pt x 433.62pt>
File: images/cumulative_returns_close_2017.png Graphic file (type png)
<use images/cumulative_returns_close_2017.png>
Package pdftex.def Info: images/cumulative_returns_close_2017.png  used on inpu
t line 1097.
(pdftex.def)             Requested size: 526.08893pt x 315.65335pt.
<images/cumulative_returns_close_2018.png, id=237, 722.7pt x 433.62pt>
File: images/cumulative_returns_close_2018.png Graphic file (type png)
<use images/cumulative_returns_close_2018.png>
Package pdftex.def Info: images/cumulative_returns_close_2018.png  used on inpu
t line 1098.
(pdftex.def)             Requested size: 526.08893pt x 315.65335pt.
<images/cumulative_returns_close_2019.png, id=238, 722.7pt x 433.62pt>
File: images/cumulative_returns_close_2019.png Graphic file (type png)
<use images/cumulative_returns_close_2019.png>
Package pdftex.def Info: images/cumulative_returns_close_2019.png  used on inpu
t line 1099.
(pdftex.def)             Requested size: 526.08893pt x 315.65335pt.
<images/cumulative_returns_close_2020.png, id=239, 722.7pt x 433.62pt>
File: images/cumulative_returns_close_2020.png Graphic file (type png)
<use images/cumulative_returns_close_2020.png>
Package pdftex.def Info: images/cumulative_returns_close_2020.png  used on inpu
t line 1100.
(pdftex.def)             Requested size: 526.08893pt x 315.65335pt.
<images/cumulative_returns_close_2021.png, id=240, 722.7pt x 433.62pt>
File: images/cumulative_returns_close_2021.png Graphic file (type png)
<use images/cumulative_returns_close_2021.png>
Package pdftex.def Info: images/cumulative_returns_close_2021.png  used on inpu
t line 1101.
(pdftex.def)             Requested size: 526.08893pt x 315.65335pt.
<images/cumulative_returns_close_2022.png, id=241, 722.7pt x 433.62pt>
File: images/cumulative_returns_close_2022.png Graphic file (type png)
<use images/cumulative_returns_close_2022.png>
Package pdftex.def Info: images/cumulative_returns_close_2022.png  used on inpu
t line 1102.
(pdftex.def)             Requested size: 526.08893pt x 315.65335pt.
<images/cumulative_returns_close_2023.png, id=242, 722.7pt x 433.62pt>
File: images/cumulative_returns_close_2023.png Graphic file (type png)
<use images/cumulative_returns_close_2023.png>
Package pdftex.def Info: images/cumulative_returns_close_2023.png  used on inpu
t line 1103.
(pdftex.def)             Requested size: 526.08893pt x 315.65335pt.

Underfull \hbox (badness 10000) in paragraph at lines 1083--1104
[][]
 []


Underfull \hbox (badness 10000) in paragraph at lines 1083--1104
[]
 []


Underfull \hbox (badness 10000) in paragraph at lines 1083--1104
[]
 []


Underfull \hbox (badness 10000) in paragraph at lines 1083--1104
[]
 []


Underfull \hbox (badness 10000) in paragraph at lines 1083--1104
[]
 []


Underfull \hbox (badness 10000) in paragraph at lines 1083--1104
[]
 []


Underfull \hbox (badness 10000) in paragraph at lines 1083--1104
[]
 []


Underfull \hbox (badness 10000) in paragraph at lines 1083--1104
[]
 []


Underfull \hbox (badness 10000) in paragraph at lines 1083--1104
[]
 []


Underfull \hbox (badness 10000) in paragraph at lines 1083--1104
[]
 []


Underfull \hbox (badness 10000) in paragraph at lines 1083--1104
[]
 []


Underfull \hbox (badness 10000) in paragraph at lines 1083--1104
[]
 []


Underfull \hbox (badness 10000) in paragraph at lines 1083--1104
[]
 []


Underfull \hbox (badness 10000) in paragraph at lines 1083--1104
[]
 []


Underfull \hbox (badness 10000) in paragraph at lines 1083--1104
[]
 []


Underfull \hbox (badness 10000) in paragraph at lines 1083--1104
[]
 []


Underfull \hbox (badness 10000) in paragraph at lines 1083--1104
[]
 []


Underfull \hbox (badness 10000) in paragraph at lines 1083--1104
[]
 []


Underfull \hbox (badness 10000) in paragraph at lines 1083--1104
[]
 []


Underfull \hbox (badness 10000) in paragraph at lines 1083--1104
[]
 []

[28 <./images/cumulative_returns_open_2023.png> <./images/cumulative_returns_cl
ose_2003.png>] [29 <./images/cumulative_returns_close_2004.png> <./images/cumul
ative_returns_close_2005.png>] [30 <./images/cumulative_returns_close_2006.png>
 <./images/cumulative_returns_close_2007.png>] [31 <./images/cumulative_returns
_close_2008.png> <./images/cumulative_returns_close_2009.png>] [32 <./images/cu
mulative_returns_close_2010.png> <./images/cumulative_returns_close_2011.png>] 
[33 <./images/cumulative_returns_close_2012.png> <./images/cumulative_returns_c
lose_2013.png>] [34 <./images/cumulative_returns_close_2014.png> <./images/cumu
lative_returns_close_2015.png>] [35 <./images/cumulative_returns_close_2016.png
> <./images/cumulative_returns_close_2017.png>] [36 <./images/cumulative_return
s_close_2018.png> <./images/cumulative_returns_close_2019.png>] [37 <./images/c
umulative_returns_close_2020.png> <./images/cumulative_returns_close_2021.png>]
[38 <./images/cumulative_returns_close_2022.png> <./images/cumulative_returns_c
lose_2023.png>]
Overfull \hbox (0.21283pt too wide) in paragraph at lines 1133--1137
\T1/lmr/m/n/10.95 (+7) c o m / w h at -[] is -[] t h e -[] w e e k e n d -[] e 
f f e ct -[] in -[] s t o c k s /# : ~ : t e x t = B a c k t e s t s % 2 0 r e 
v e a l % 2 0 t h a t % 2 0 t h e r e % 2 0 i s ,[] s t o c k s
 []

[39] (./writeup.aux)
 ***********
LaTeX2e <2023-06-01> patch level 1
L3 programming layer <2023-08-29>
 ***********

LaTeX Warning: There were multiply-defined labels.

 ) 
Here is how much of TeX's memory you used:
 15549 strings out of 474934
 252602 string characters out of 5759818
 1940807 words of memory out of 5000000
 36617 multiletter control sequences out of 15000+600000
 620546 words of font info for 143 fonts, out of 8000000 for 9000
 1141 hyphenation exceptions out of 8191
 77i,11n,81p,1004b,682s stack positions out of 10000i,1000n,20000p,200000b,200000s
</usr/local/texlive/2023/texmf-dist/fonts/type1/public/lm/lmbx10.pfb></usr/lo
cal/texlive/2023/texmf-dist/fonts/type1/public/lm/lmbx12.pfb></usr/local/texliv
e/2023/texmf-dist/fonts/type1/public/lm/lmex10.pfb></usr/local/texlive/2023/tex
mf-dist/fonts/type1/public/lm/lmmi10.pfb></usr/local/texlive/2023/texmf-dist/fo
nts/type1/public/lm/lmmi6.pfb></usr/local/texlive/2023/texmf-dist/fonts/type1/p
ublic/lm/lmmi8.pfb></usr/local/texlive/2023/texmf-dist/fonts/type1/public/lm/lm
r10.pfb></usr/local/texlive/2023/texmf-dist/fonts/type1/public/lm/lmr12.pfb></u
sr/local/texlive/2023/texmf-dist/fonts/type1/public/lm/lmr8.pfb></usr/local/tex
live/2023/texmf-dist/fonts/type1/public/lm/lmri10.pfb></usr/local/texlive/2023/
texmf-dist/fonts/type1/public/lm/lmsy10.pfb></usr/local/texlive/2023/texmf-dist
/fonts/type1/public/lm/lmtt10.pfb></usr/local/texlive/2023/texmf-dist/fonts/typ
e1/public/lm/lmtti10.pfb>
Output written on writeup.pdf (39 pages, 2513198 bytes).
PDF statistics:
 451 PDF objects out of 1000 (max. 8388607)
 285 compressed objects within 3 object streams
 64 named destinations out of 1000 (max. 500000)
 31007 words of extra memory for PDF output out of 35830 (max. 10000000)

